Painel/build/outputs/logs/manifest-merger-release-report.txt
-- Merging decision tree log ---
manifest
ADDED from fila\Painel\AndroidManifest.xml:2:1-46:12
INJECTED from fila\Painel\AndroidManifest.xml:2:1-46:12
INJECTED from fila\Painel\AndroidManifest.xml:2:1-46:12
INJECTED from fila\Painel\AndroidManifest.xml:2:1-46:12
INJECTED from fila\Painel\AndroidManifest.xml:2:1-46:12
	package
		ADDED from fila\Painel\AndroidManifest.xml:2:117-142
	android:versionName
		ADDED from fila\Painel\AndroidManifest.xml:2:167-192
		INJECTED from fila\Painel\AndroidManifest.xml
		INJECTED from fila\Painel\AndroidManifest.xml
	xmlns:tools
		ADDED from fila\Painel\AndroidManifest.xml:2:70-116
	xmlns:android
		ADDED from fila\Painel\AndroidManifest.xml:2:11-69
	android:versionCode
		ADDED from fila\Painel\AndroidManifest.xml:2:143-166
		INJECTED from fila\Painel\AndroidManifest.xml
		INJECTED from fila\Painel\AndroidManifest.xml
uses-sdk
ADDED from fila\Painel\AndroidManifest.xml:3:3-71
INJECTED from fila\Painel\AndroidManifest.xml:3:3-71
INJECTED from fila\Painel\AndroidManifest.xml:3:3-71
INJECTED from fila\Painel\AndroidManifest.xml:3:3-71
INJECTED from fila\Painel\AndroidManifest.xml:3:3-71
	android:targetSdkVersion
		ADDED from fila\Painel\AndroidManifest.xml:3:40-69
		INJECTED from fila\Painel\AndroidManifest.xml
		INJECTED from fila\Painel\AndroidManifest.xml
	android:minSdkVersion
		ADDED from fila\Painel\AndroidManifest.xml:3:13-39
		INJECTED from fila\Painel\AndroidManifest.xml
		INJECTED from fila\Painel\AndroidManifest.xml
uses-permission#android.permission.ACCESS_BLUETOOTH_SHARE
ADDED from fila\Painel\AndroidManifest.xml:4:3-78
	android:name
		ADDED from fila\Painel\AndroidManifest.xml:4:20-76
uses-permission#android.permission.ACCESS_COARSE_LOCATION
ADDED from fila\Painel\AndroidManifest.xml:5:3-78
	android:name
		ADDED from fila\Painel\AndroidManifest.xml:5:20-76
uses-permission#android.permission.ACCESS_FINE_LOCATION
ADDED from fila\Painel\AndroidManifest.xml:6:3-76
	android:name
		ADDED from fila\Painel\AndroidManifest.xml:6:20-74
uses-permission#android.permission.ACCESS_NETWORK_STATE
ADDED from fila\Painel\AndroidManifest.xml:7:3-76
	android:name
		ADDED from fila\Painel\AndroidManifest.xml:7:20-74
uses-permission#android.permission.ACCESS_WIFI_STATE
ADDED from fila\Painel\AndroidManifest.xml:8:3-73
	android:name
		ADDED from fila\Painel\AndroidManifest.xml:8:20-71
uses-permission#android.permission.BLUETOOTH
ADDED from fila\Painel\AndroidManifest.xml:9:3-65
	android:name
		ADDED from fila\Painel\AndroidManifest.xml:9:20-63
uses-permission#android.permission.BLUETOOTH_ADMIN
ADDED from fila\Painel\AndroidManifest.xml:10:3-71
	android:name
		ADDED from fila\Painel\AndroidManifest.xml:10:20-69
uses-permission#android.permission.CALL_PHONE
ADDED from fila\Painel\AndroidManifest.xml:11:3-66
	android:name
		ADDED from fila\Painel\AndroidManifest.xml:11:20-64
uses-permission#android.permission.CAMERA
ADDED from fila\Painel\AndroidManifest.xml:12:3-62
	android:name
		ADDED from fila\Painel\AndroidManifest.xml:12:20-60
uses-permission#android.permission.CHANGE_NETWORK_STATE
ADDED from fila\Painel\AndroidManifest.xml:13:3-76
	android:name
		ADDED from fila\Painel\AndroidManifest.xml:13:20-74
uses-permission#android.permission.CHANGE_WIFI_STATE
ADDED from fila\Painel\AndroidManifest.xml:14:3-73
	android:name
		ADDED from fila\Painel\AndroidManifest.xml:14:20-71
uses-permission#android.permission.INTERNET
ADDED from fila\Painel\AndroidManifest.xml:15:3-64
	android:name
		ADDED from fila\Painel\AndroidManifest.xml:15:20-62
uses-permission#android.permission.MODIFY_AUDIO_SETTINGS
ADDED from fila\Painel\AndroidManifest.xml:16:3-77
	android:name
		ADDED from fila\Painel\AndroidManifest.xml:16:20-75
uses-permission#android.permission.NFC
ADDED from fila\Painel\AndroidManifest.xml:17:3-59
	android:name
		ADDED from fila\Painel\AndroidManifest.xml:17:20-57
uses-permission#android.permission.READ_CONTACTS
ADDED from fila\Painel\AndroidManifest.xml:18:3-69
	android:name
		ADDED from fila\Painel\AndroidManifest.xml:18:20-67
uses-permission#android.permission.READ_EXTERNAL_STORAGE
ADDED from fila\Painel\AndroidManifest.xml:19:3-77
	android:name
		ADDED from fila\Painel\AndroidManifest.xml:19:20-75
uses-permission#android.permission.READ_OWNER_DATA
ADDED from fila\Painel\AndroidManifest.xml:20:3-71
	android:name
		ADDED from fila\Painel\AndroidManifest.xml:20:20-69
uses-permission#android.permission.READ_PHONE_STATE
ADDED from fila\Painel\AndroidManifest.xml:21:3-72
	android:name
		ADDED from fila\Painel\AndroidManifest.xml:21:20-70
uses-permission#android.permission.READ_SMS
ADDED from fila\Painel\AndroidManifest.xml:22:3-64
	android:name
		ADDED from fila\Painel\AndroidManifest.xml:22:20-62
uses-permission#android.permission.RECEIVE_SMS
ADDED from fila\Painel\AndroidManifest.xml:23:3-67
	android:name
		ADDED from fila\Painel\AndroidManifest.xml:23:20-65
uses-permission#android.permission.SEND_SMS
ADDED from fila\Painel\AndroidManifest.xml:24:3-64
	android:name
		ADDED from fila\Painel\AndroidManifest.xml:24:20-62
uses-permission#android.permission.VIBRATE
ADDED from fila\Painel\AndroidManifest.xml:25:3-63
	android:name
		ADDED from fila\Painel\AndroidManifest.xml:25:20-61
uses-permission#android.permission.WAKE_LOCK
ADDED from fila\Painel\AndroidManifest.xml:26:3-65
	android:name
		ADDED from fila\Painel\AndroidManifest.xml:26:20-63
uses-permission#android.permission.WRITE_CONTACTS
ADDED from fila\Painel\AndroidManifest.xml:27:3-70
	android:name
		ADDED from fila\Painel\AndroidManifest.xml:27:20-68
uses-permission#android.permission.WRITE_EXTERNAL_STORAGE
ADDED from fila\Painel\AndroidManifest.xml:28:3-78
	android:name
		ADDED from fila\Painel\AndroidManifest.xml:28:20-76
uses-permission#android.permission.WRITE_OWNER_DATA
ADDED from fila\Painel\AndroidManifest.xml:29:3-72
	android:name
		ADDED from fila\Painel\AndroidManifest.xml:29:20-70
uses-feature#android.hardware.camera
ADDED from fila\Painel\AndroidManifest.xml:30:3-82
	android:required
		ADDED from fila\Painel\AndroidManifest.xml:30:56-80
	android:name
		ADDED from fila\Painel\AndroidManifest.xml:30:17-55
uses-feature#android.hardware.camera.flash
ADDED from fila\Painel\AndroidManifest.xml:31:3-88
	android:required
		ADDED from fila\Painel\AndroidManifest.xml:31:62-86
	android:name
		ADDED from fila\Painel\AndroidManifest.xml:31:17-61
uses-feature#android.hardware.camera.autofocus
ADDED from fila\Painel\AndroidManifest.xml:32:3-92
	android:required
		ADDED from fila\Painel\AndroidManifest.xml:32:66-90
	android:name
		ADDED from fila\Painel\AndroidManifest.xml:32:17-65
uses-feature#0x00020000
ADDED from fila\Painel\AndroidManifest.xml:33:3-75
	android:glEsVersion
		ADDED from fila\Painel\AndroidManifest.xml:33:17-49
	android:required
		ADDED from fila\Painel\AndroidManifest.xml:33:50-73
uses-feature#android.hardware.telephony
ADDED from fila\Painel\AndroidManifest.xml:34:3-85
	android:required
		ADDED from fila\Painel\AndroidManifest.xml:34:59-83
	android:name
		ADDED from fila\Painel\AndroidManifest.xml:34:17-58
uses-feature#android.hardware.sensor.stepcounter
ADDED from fila\Painel\AndroidManifest.xml:35:3-94
	android:required
		ADDED from fila\Painel\AndroidManifest.xml:35:68-92
	android:name
		ADDED from fila\Painel\AndroidManifest.xml:35:17-67
uses-feature#android.hardware.sensor.stepdetector
ADDED from fila\Painel\AndroidManifest.xml:36:3-95
	android:required
		ADDED from fila\Painel\AndroidManifest.xml:36:69-93
	android:name
		ADDED from fila\Painel\AndroidManifest.xml:36:17-68
supports-screens
ADDED from fila\Painel\AndroidManifest.xml:37:3-133
	android:largeScreens
		ADDED from fila\Painel\AndroidManifest.xml:37:78-105
	android:smallScreens
		ADDED from fila\Painel\AndroidManifest.xml:37:21-48
	android:normalScreens
		ADDED from fila\Painel\AndroidManifest.xml:37:49-77
	android:anyDensity
		ADDED from fila\Painel\AndroidManifest.xml:37:106-131
application
ADDED from fila\Painel\AndroidManifest.xml:38:3-45:17
	android:label
		ADDED from fila\Painel\AndroidManifest.xml:38:116-148
	android:icon
		ADDED from fila\Painel\AndroidManifest.xml:38:79-115
	android:allowBackup
		ADDED from fila\Painel\AndroidManifest.xml:38:52-78
	android:theme
		ADDED from fila\Painel\AndroidManifest.xml:38:149-180
	android:usesCleartextTraffic
		ADDED from fila\Painel\AndroidManifest.xml:38:16-51
activity#org.lamw.teste7.App
ADDED from fila\Painel\AndroidManifest.xml:39:5-44:16
	android:enabled
		ADDED from fila\Painel\AndroidManifest.xml:39:198-220
	android:label
		ADDED from fila\Painel\AndroidManifest.xml:39:50-82
	android:launchMode
		ADDED from fila\Painel\AndroidManifest.xml:39:168-197
	android:configChanges
		ADDED from fila\Painel\AndroidManifest.xml:39:83-167
	android:name
		ADDED from fila\Painel\AndroidManifest.xml:39:15-49
intent-filter#action:name:android.intent.action.MAIN+category:name:android.intent.category.LAUNCHER
ADDED from fila\Painel\AndroidManifest.xml:40:7-43:23
action#android.intent.action.MAIN
ADDED from fila\Painel\AndroidManifest.xml:41:9-60
	android:name
		ADDED from fila\Painel\AndroidManifest.xml:41:17-58
category#android.intent.category.LAUNCHER
ADDED from fila\Painel\AndroidManifest.xml:42:9-68
	android:name
		ADDED from fila\Painel\AndroidManifest.xml:42:19-66